<?xml version="1.0" encoding="UTF-8" ?>
<testsuite tests="10" failures="6" name="TestSuite" time="0.782" errors="0" skipped="4">
  <properties>
[...]
</properties>
  <testcase classname="userLoginTest" name="scrollTest" time="0.008">
    <failure type="java.lang.NullPointerException">java.lang.NullPointerException
	at userLoginTest.scrollTest(userLoginTest.java:177)
</failure>
    <system-out>Configuring TestNG with: org.apache.maven.surefire.testng.conf.TestNG652Configurator@53f65459
</system-out>
  </testcase>
  <testcase classname="userLoginTest" name="test1" time="0">
    <failure type="java.lang.NullPointerException">java.lang.NullPointerException
	at userLoginTest.test1(userLoginTest.java:139)
</failure>
  </testcase>
  <testcase classname="userLoginTest" name="validateUserCanLogInToTheSystemSuccessfully" time="0.001">
    <failure type="java.lang.NullPointerException">java.lang.NullPointerException
	at userLoginTest.validateUserCanLogInToTheSystemSuccessfully(userLoginTest.java:65)
</failure>
  </testcase>
  <testcase classname="userLoginTest" name="validateUserCanSuccessfullyCreateAComplaint" time="0">
    <failure type="java.lang.NullPointerException">java.lang.NullPointerException
	at userLoginTest.validateUserCanSuccessfullyCreateAComplaint(userLoginTest.java:228)
</failure>
  </testcase>
  <testcase classname="complaintTest" name="validateUserCanSuccessfullyCreateAComplaint" time="0">
    <failure type="java.lang.NullPointerException">java.lang.NullPointerException
	at complaintTest.validateUserCanSuccessfullyCreateAComplaint(complaintTest.java:20)
</failure>
    <system-err>Mar 12, 2023 11:45:36 AM io.appium.java_client.remote.AppiumCommandExecutor$1 lambda$0
INFO: Detected dialect: W3C
</system-err>
  </testcase>
  <testcase classname="complaintTest" name="extendReporting" time="0.386">
    <failure type="java.lang.NullPointerException">java.lang.NullPointerException
	at TestBase.extendReporting(TestBase.java:101)
	at java.base/jdk.internal.reflect.NativeMethodAccessorImpl.invoke0(Native Method)
	at java.base/jdk.internal.reflect.NativeMethodAccessorImpl.invoke(NativeMethodAccessorImpl.java:62)
	at java.base/jdk.internal.reflect.DelegatingMethodAccessorImpl.invoke(DelegatingMethodAccessorImpl.java:43)
	at java.base/java.lang.reflect.Method.invoke(Method.java:566)
	at org.testng.internal.MethodInvocationHelper.invokeMethod(MethodInvocationHelper.java:133)
	at org.testng.internal.MethodInvocationHelper.invokeMethodConsideringTimeout(MethodInvocationHelper.java:62)
	at org.testng.internal.ConfigInvoker.invokeConfigurationMethod(ConfigInvoker.java:385)
	at org.testng.internal.ConfigInvoker.invokeConfigurations(ConfigInvoker.java:321)
	at org.testng.internal.TestInvoker.runConfigMethods(TestInvoker.java:700)
	at org.testng.internal.TestInvoker.runAfterGroupsConfigurations(TestInvoker.java:676)
	at org.testng.internal.TestInvoker.invokeMethod(TestInvoker.java:660)
	at org.testng.internal.TestInvoker.invokeTestMethod(TestInvoker.java:173)
	at org.testng.internal.MethodRunner.runInSequence(MethodRunner.java:46)
	at org.testng.internal.TestInvoker$MethodInvocationAgent.invoke(TestInvoker.java:824)
	at org.testng.internal.TestInvoker.invokeTestMethods(TestInvoker.java:146)
	at org.testng.internal.TestMethodWorker.invokeTestMethods(TestMethodWorker.java:146)
	at org.testng.internal.TestMethodWorker.run(TestMethodWorker.java:128)
	at java.base/java.util.ArrayList.forEach(ArrayList.java:1541)
	at org.testng.TestRunner.privateRun(TestRunner.java:794)
	at org.testng.TestRunner.run(TestRunner.java:596)
	at org.testng.SuiteRunner.runTest(SuiteRunner.java:377)
	at org.testng.SuiteRunner.runSequentially(SuiteRunner.java:371)
	at org.testng.SuiteRunner.privateRun(SuiteRunner.java:332)
	at org.testng.SuiteRunner.run(SuiteRunner.java:276)
	at org.testng.SuiteRunnerWorker.runSuite(SuiteRunnerWorker.java:53)
	at org.testng.SuiteRunnerWorker.run(SuiteRunnerWorker.java:96)
	at org.testng.TestNG.runSuitesSequentially(TestNG.java:1212)
	at org.testng.TestNG.runSuitesLocally(TestNG.java:1134)
	at org.testng.TestNG.runSuites(TestNG.java:1063)
	at org.testng.TestNG.run(TestNG.java:1031)
	at org.apache.maven.surefire.testng.TestNGExecutor.run(TestNGExecutor.java:77)
	at org.apache.maven.surefire.testng.TestNGDirectoryTestSuite.executeMulti(TestNGDirectoryTestSuite.java:159)
	at org.apache.maven.surefire.testng.TestNGDirectoryTestSuite.execute(TestNGDirectoryTestSuite.java:99)
	at org.apache.maven.surefire.testng.TestNGProvider.invoke(TestNGProvider.java:106)
	at java.base/jdk.internal.reflect.NativeMethodAccessorImpl.invoke0(Native Method)
	at java.base/jdk.internal.reflect.NativeMethodAccessorImpl.invoke(NativeMethodAccessorImpl.java:62)
	at java.base/jdk.internal.reflect.DelegatingMethodAccessorImpl.invoke(DelegatingMethodAccessorImpl.java:43)
	at java.base/java.lang.reflect.Method.invoke(Method.java:566)
	at org.apache.maven.surefire.util.ReflectionUtils.invokeMethodWithArray(ReflectionUtils.java:189)
	at org.apache.maven.surefire.booter.ProviderFactory$ProviderProxy.invoke(ProviderFactory.java:165)
	at org.apache.maven.surefire.booter.ProviderFactory.invokeProvider(ProviderFactory.java:85)
	at org.apache.maven.surefire.booter.ForkedBooter.runSuitesInProcess(ForkedBooter.java:115)
	at org.apache.maven.surefire.booter.ForkedBooter.main(ForkedBooter.java:75)
</failure>
  </testcase>
  <testcase classname="complaintTest" name="setUpDriver" time="0.387">
    <skipped/>
  </testcase>
  <testcase classname="complaintTest" name="validateUserCanSuccessfullyLoginTotheSystem" time="0">
    <skipped/>
  </testcase>
  <testcase classname="complaintTest" name="afterEachMethod" time="0">
    <skipped/>
  </testcase>
  <testcase classname="complaintTest" name="extendReporting" time="0">
    <skipped/>
  </testcase>
</testsuite>