<?xml version="1.0" encoding="UTF-8"?>
<!-- Generated by org.testng.reporters.JUnitXMLReporter -->
<testsuite ignored="1" hostname="342-MCC02CNANNMD6M.local" failures="5" tests="6" name="Command line test" time="7.486" errors="0" timestamp="2023-03-12T11:45:37 IST">
  <testcase classname="TestBase" name="@AfterMethod extendReporting" time="0.003">
    <failure type="java.lang.NullPointerException">
      <![CDATA[java.lang.NullPointerException
at TestBase.extendReporting(TestBase.java:101)
at java.base/java.util.ArrayList.forEach(ArrayList.java:1541)
... Removed 42 stack frames]]>
    </failure>
  </testcase> <!-- @AfterMethod extendReporting -->
  <testcase classname="TestBase" name="@BeforeMethod setUpDriver" time="-1.67860173723E9">
    <skipped/>
  </testcase> <!-- @BeforeMethod setUpDriver -->
  <testcase classname="TestBase" name="@AfterMethod afterEachMethod" time="-1.678601737232E9">
    <skipped/>
  </testcase> <!-- @AfterMethod afterEachMethod -->
  <testcase classname="TestBase" name="@AfterMethod extendReporting" time="-1.678601737232E9">
    <skipped/>
  </testcase> <!-- @AfterMethod extendReporting -->
  <testcase classname="userLoginTest" name="scrollTest" time="0.005">
    <failure type="java.lang.NullPointerException">
      <![CDATA[java.lang.NullPointerException
at userLoginTest.scrollTest(userLoginTest.java:177)
at java.base/java.util.ArrayList.forEach(ArrayList.java:1541)
... Removed 37 stack frames]]>
    </failure>
  </testcase> <!-- scrollTest -->
  <testcase classname="userLoginTest" name="test1" time="0.0">
    <failure type="java.lang.NullPointerException">
      <![CDATA[java.lang.NullPointerException
at userLoginTest.test1(userLoginTest.java:139)
at java.base/java.util.ArrayList.forEach(ArrayList.java:1541)
... Removed 37 stack frames]]>
    </failure>
  </testcase> <!-- test1 -->
  <testcase classname="userLoginTest" name="validateUserCanLogInToTheSystemSuccessfully" time="0.002">
    <failure type="java.lang.NullPointerException">
      <![CDATA[java.lang.NullPointerException
at userLoginTest.validateUserCanLogInToTheSystemSuccessfully(userLoginTest.java:65)
at java.base/java.util.ArrayList.forEach(ArrayList.java:1541)
... Removed 37 stack frames]]>
    </failure>
  </testcase> <!-- validateUserCanLogInToTheSystemSuccessfully -->
  <testcase classname="userLoginTest" name="validateUserCanSuccessfullyCreateAComplaint" time="0.001">
    <failure type="java.lang.NullPointerException">
      <![CDATA[java.lang.NullPointerException
at userLoginTest.validateUserCanSuccessfullyCreateAComplaint(userLoginTest.java:228)
at java.base/java.util.ArrayList.forEach(ArrayList.java:1541)
... Removed 37 stack frames]]>
    </failure>
  </testcase> <!-- validateUserCanSuccessfullyCreateAComplaint -->
  <testcase classname="complaintTest" name="validateUserCanSuccessfullyCreateAComplaint" time="0.0">
    <failure type="java.lang.NullPointerException">
      <![CDATA[java.lang.NullPointerException
at complaintTest.validateUserCanSuccessfullyCreateAComplaint(complaintTest.java:20)
at java.base/java.util.ArrayList.forEach(ArrayList.java:1541)
... Removed 37 stack frames]]>
    </failure>
  </testcase> <!-- validateUserCanSuccessfullyCreateAComplaint -->
  <testcase classname="complaintTest" name="validateUserCanSuccessfullyLoginTotheSystem" time="0.0">
    <skipped/>
  </testcase> <!-- validateUserCanSuccessfullyLoginTotheSystem -->
  <testcase classname="TestBase" name="@BeforeTest createReport" time="0.0">
    <ignored/>
  </testcase> <!-- @BeforeTest createReport -->
</testsuite> <!-- Command line test -->
